<?xml version="1.0" encoding="UTF-8"?>
<testng-results skipped="0" failed="0" total="1" passed="1">
  <reporter-output>
  </reporter-output>
  <suite name="Suite" duration-ms="24182" started-at="2016-03-26T21:27:32Z" finished-at="2016-03-26T21:27:56Z">
    <groups>
    </groups>
    <test name="Test" duration-ms="24182" started-at="2016-03-26T21:27:32Z" finished-at="2016-03-26T21:27:56Z">
      <class name="ebkpackage.GoogleTest">
        <test-method status="PASS" signature="init()[pri:0, instance:ebkpackage.GoogleTest@369f73a2]" name="init" duration-ms="24154" started-at="2016-03-27T02:57:32Z" finished-at="2016-03-27T02:57:56Z">
          <reporter-output>
          </reporter-output>
        </test-method> <!-- init -->
      </class> <!-- ebkpackage.GoogleTest -->
    </test> <!-- Test -->
  </suite> <!-- Suite -->
</testng-results>
